<?xml version="1.0" encoding="UTF-8"?>
<!-- Generated by org.testng.reporters.JUnitReportReporter -->
<testsuite hostname="LAPTOP-FS6FH29B" failures="0" tests="4" name="com.testscript.AlibabaTest" time="77.395" errors="0" timestamp="2021-05-05T20:10:43 IST" skipped="0">
  <testcase classname="com.testscript.AlibabaTest" name="signIn" time="8.781"/>
  <system-out/>
  <testcase classname="com.testscript.AlibabaTest" name="SearchForItems" time="49.186"/>
  <system-out/>
  <testcase classname="com.testscript.AlibabaTest" name="SearchForItems" time="12.610"/>
  <system-out/>
  <testcase classname="com.testscript.AlibabaTest" name="SignOutAlibaba" time="6.818"/>
  <system-out/>
</testsuite> <!-- com.testscript.AlibabaTest -->
