<?xml version="1.0" encoding="UTF-8"?>
<!-- Generated by org.testng.reporters.JUnitReportReporter -->
<testsuite hostname="LAPTOP-FS6FH29B" failures="0" tests="1" name="com.qa.testscript.AlibabaTest1" time="11.106" errors="0" timestamp="2021-05-03T23:38:54 IST" skipped="0">
  <testcase classname="com.qa.testscript.AlibabaTest1" name="signIn" time="11.106"/>
  <system-out/>
</testsuite> <!-- com.qa.testscript.AlibabaTest1 -->
