<?xml version="1.0" encoding="UTF-8"?>
<!-- Generated by org.testng.reporters.JUnitReportReporter -->
<testsuite hostname="LAPTOP-FS6FH29B" failures="0" tests="4" name="com.qa.testscript.AlibabaTest" time="70.551" errors="0" timestamp="2021-05-03T23:38:54 IST" skipped="0">
  <testcase classname="com.qa.testscript.AlibabaTest" name="signIn" time="12.347"/>
  <system-out/>
  <testcase classname="com.qa.testscript.AlibabaTest" name="SearchForItems" time="11.857"/>
  <system-out/>
  <testcase classname="com.qa.testscript.AlibabaTest" name="SearchForItems" time="37.946"/>
  <system-out/>
  <testcase classname="com.qa.testscript.AlibabaTest" name="SignOutAlibaba" time="8.401"/>
  <system-out/>
</testsuite> <!-- com.qa.testscript.AlibabaTest -->
