<?xml version="1.0" encoding="UTF-8"?>
<!-- Generated by org.testng.reporters.JUnitReportReporter -->
<testsuite hostname="LAPTOP-FS6FH29B" failures="0" tests="1" name="com.testscript.AlibabaTest1" time="12.341" errors="0" timestamp="2021-05-05T19:41:53 IST" skipped="0">
  <testcase classname="com.testscript.AlibabaTest1" name="signIn" time="12.341"/>
  <system-out/>
</testsuite> <!-- com.testscript.AlibabaTest1 -->
