<?xml version="1.0" encoding="UTF-8"?>
<!-- Generated by org.testng.reporters.JUnitReportReporter -->
<testsuite hostname="LAPTOP-FS6FH29B" failures="0" tests="4" name="com.testscript.AlibabaTest" time="99.671" errors="0" timestamp="2021-05-05T19:41:53 IST" skipped="0">
  <testcase classname="com.testscript.AlibabaTest" name="signIn" time="8.639"/>
  <system-out/>
  <testcase classname="com.testscript.AlibabaTest" name="SearchForItems" time="39.592"/>
  <system-out/>
  <testcase classname="com.testscript.AlibabaTest" name="SearchForItems" time="44.071"/>
  <system-out/>
  <testcase classname="com.testscript.AlibabaTest" name="SignOutAlibaba" time="7.369"/>
  <system-out/>
</testsuite> <!-- com.testscript.AlibabaTest -->
